c:\users\rafa\source\repos\so2_snake_trabalho\cliente\debug\vc140.pdb
c:\users\rafa\source\repos\so2_snake_trabalho\cliente\debug\vc140.idb
c:\users\rafa\source\repos\so2_snake_trabalho\cliente\debug\cliente.obj
c:\users\rafa\source\repos\so2_snake_trabalho\cliente\debug\components.obj
e:\so2_2st_part_21250189_rui_teixeira_21250203_rafael_henriques\so2_snake_trabalho\cliente\debug\vc140.pdb
e:\so2_2st_part_21250189_rui_teixeira_21250203_rafael_henriques\so2_snake_trabalho\cliente\debug\vc140.idb
e:\so2_2st_part_21250189_rui_teixeira_21250203_rafael_henriques\so2_snake_trabalho\cliente\debug\cliente.obj
e:\so2_2st_part_21250189_rui_teixeira_21250203_rafael_henriques\so2_snake_trabalho\cliente\debug\components.obj
c:\users\rafa\source\repos\so2_snake_trabalho\debug\cliente.ilk
c:\users\rafa\source\repos\so2_snake_trabalho\debug\cliente.exe
c:\users\rafa\source\repos\so2_snake_trabalho\debug\cliente.pdb
e:\so2_2st_part_21250189_rui_teixeira_21250203_rafael_henriques\so2_snake_trabalho\debug\cliente.ilk
e:\so2_2st_part_21250189_rui_teixeira_21250203_rafael_henriques\so2_snake_trabalho\debug\cliente.exe
e:\so2_2st_part_21250189_rui_teixeira_21250203_rafael_henriques\so2_snake_trabalho\debug\cliente.pdb
c:\users\rafa\source\repos\so2_snake_trabalho\cliente\debug\cliente1.res
e:\so2_2st_part_21250189_rui_teixeira_21250203_rafael_henriques\so2_snake_trabalho\cliente\debug\cliente1.res
e:\so2_2st_part_21250189_rui_teixeira_21250203_rafael_henriques\so2_snake_trabalho\cliente\debug\cliente.tlog\cl.command.1.tlog
e:\so2_2st_part_21250189_rui_teixeira_21250203_rafael_henriques\so2_snake_trabalho\cliente\debug\cliente.tlog\cl.read.1.tlog
e:\so2_2st_part_21250189_rui_teixeira_21250203_rafael_henriques\so2_snake_trabalho\cliente\debug\cliente.tlog\cl.write.1.tlog
e:\so2_2st_part_21250189_rui_teixeira_21250203_rafael_henriques\so2_snake_trabalho\cliente\debug\cliente.tlog\link.command.1.tlog
e:\so2_2st_part_21250189_rui_teixeira_21250203_rafael_henriques\so2_snake_trabalho\cliente\debug\cliente.tlog\link.read.1.tlog
e:\so2_2st_part_21250189_rui_teixeira_21250203_rafael_henriques\so2_snake_trabalho\cliente\debug\cliente.tlog\link.write.1.tlog
e:\so2_2st_part_21250189_rui_teixeira_21250203_rafael_henriques\so2_snake_trabalho\cliente\debug\cliente.tlog\rc.command.1.tlog
e:\so2_2st_part_21250189_rui_teixeira_21250203_rafael_henriques\so2_snake_trabalho\cliente\debug\cliente.tlog\rc.read.1.tlog
e:\so2_2st_part_21250189_rui_teixeira_21250203_rafael_henriques\so2_snake_trabalho\cliente\debug\cliente.tlog\rc.write.1.tlog
