c:\users\rafa\source\repos\so2_snake_trabalho\server\debug\vc140.pdb
c:\users\rafa\source\repos\so2_snake_trabalho\server\debug\vc140.idb
c:\users\rafa\source\repos\so2_snake_trabalho\server\debug\algorithms.obj
c:\users\rafa\source\repos\so2_snake_trabalho\server\debug\snake_server.obj
e:\so2_2st_part_21250189_rui_teixeira_21250203_rafael_henriques\so2_snake_trabalho\server\debug\vc140.pdb
e:\so2_2st_part_21250189_rui_teixeira_21250203_rafael_henriques\so2_snake_trabalho\server\debug\vc140.idb
e:\so2_2st_part_21250189_rui_teixeira_21250203_rafael_henriques\so2_snake_trabalho\server\debug\algorithms.obj
e:\so2_2st_part_21250189_rui_teixeira_21250203_rafael_henriques\so2_snake_trabalho\server\debug\snake_server.obj
c:\users\rafa\source\repos\so2_snake_trabalho\debug\server.ilk
c:\users\rafa\source\repos\so2_snake_trabalho\debug\server.exe
c:\users\rafa\source\repos\so2_snake_trabalho\debug\server.pdb
e:\so2_2st_part_21250189_rui_teixeira_21250203_rafael_henriques\so2_snake_trabalho\debug\server.ilk
e:\so2_2st_part_21250189_rui_teixeira_21250203_rafael_henriques\so2_snake_trabalho\debug\server.exe
e:\so2_2st_part_21250189_rui_teixeira_21250203_rafael_henriques\so2_snake_trabalho\debug\server.pdb
e:\so2_2st_part_21250189_rui_teixeira_21250203_rafael_henriques\so2_snake_trabalho\server\debug\server.tlog\cl.command.1.tlog
e:\so2_2st_part_21250189_rui_teixeira_21250203_rafael_henriques\so2_snake_trabalho\server\debug\server.tlog\cl.read.1.tlog
e:\so2_2st_part_21250189_rui_teixeira_21250203_rafael_henriques\so2_snake_trabalho\server\debug\server.tlog\cl.write.1.tlog
e:\so2_2st_part_21250189_rui_teixeira_21250203_rafael_henriques\so2_snake_trabalho\server\debug\server.tlog\link.command.1.tlog
e:\so2_2st_part_21250189_rui_teixeira_21250203_rafael_henriques\so2_snake_trabalho\server\debug\server.tlog\link.read.1.tlog
e:\so2_2st_part_21250189_rui_teixeira_21250203_rafael_henriques\so2_snake_trabalho\server\debug\server.tlog\link.write.1.tlog
