c:\users\rafa\source\repos\so2_snake_trabalho\snakegament\debug\vc140.pdb
c:\users\rafa\source\repos\so2_snake_trabalho\snakegament\debug\vc140.idb
c:\users\rafa\source\repos\so2_snake_trabalho\snakegament\debug\algorithms.obj
c:\users\rafa\source\repos\so2_snake_trabalho\snakegament\debug\servicent.obj
c:\users\rafa\source\repos\so2_snake_trabalho\snakegament\debug\snake_server.obj
e:\so2_2st_part_21250189_rui_teixeira_21250203_rafael_henriques\so2_snake_trabalho\snakegament\debug\vc140.pdb
e:\so2_2st_part_21250189_rui_teixeira_21250203_rafael_henriques\so2_snake_trabalho\snakegament\debug\vc140.idb
e:\so2_2st_part_21250189_rui_teixeira_21250203_rafael_henriques\so2_snake_trabalho\snakegament\debug\algorithms.obj
e:\so2_2st_part_21250189_rui_teixeira_21250203_rafael_henriques\so2_snake_trabalho\snakegament\debug\servicent.obj
e:\so2_2st_part_21250189_rui_teixeira_21250203_rafael_henriques\so2_snake_trabalho\snakegament\debug\snake_server.obj
c:\users\rafa\source\repos\so2_snake_trabalho\debug\snakegament.ilk
c:\users\rafa\source\repos\so2_snake_trabalho\debug\snakegament.exe
c:\users\rafa\source\repos\so2_snake_trabalho\debug\snakegament.pdb
e:\so2_2st_part_21250189_rui_teixeira_21250203_rafael_henriques\so2_snake_trabalho\debug\snakegament.ilk
e:\so2_2st_part_21250189_rui_teixeira_21250203_rafael_henriques\so2_snake_trabalho\debug\snakegament.exe
e:\so2_2st_part_21250189_rui_teixeira_21250203_rafael_henriques\so2_snake_trabalho\debug\snakegament.pdb
e:\so2_2st_part_21250189_rui_teixeira_21250203_rafael_henriques\so2_snake_trabalho\snakegament\debug\snakegament.tlog\cl.command.1.tlog
e:\so2_2st_part_21250189_rui_teixeira_21250203_rafael_henriques\so2_snake_trabalho\snakegament\debug\snakegament.tlog\cl.read.1.tlog
e:\so2_2st_part_21250189_rui_teixeira_21250203_rafael_henriques\so2_snake_trabalho\snakegament\debug\snakegament.tlog\cl.write.1.tlog
e:\so2_2st_part_21250189_rui_teixeira_21250203_rafael_henriques\so2_snake_trabalho\snakegament\debug\snakegament.tlog\link.command.1.tlog
e:\so2_2st_part_21250189_rui_teixeira_21250203_rafael_henriques\so2_snake_trabalho\snakegament\debug\snakegament.tlog\link.read.1.tlog
e:\so2_2st_part_21250189_rui_teixeira_21250203_rafael_henriques\so2_snake_trabalho\snakegament\debug\snakegament.tlog\link.write.1.tlog
