c:\users\rafa\source\repos\so2_snake_trabalho\dll\debug\vc140.pdb
c:\users\rafa\source\repos\so2_snake_trabalho\dll\debug\vc140.idb
c:\users\rafa\source\repos\so2_snake_trabalho\dll\debug\snake_dll.obj
e:\so2_2st_part_21250189_rui_teixeira_21250203_rafael_henriques\so2_snake_trabalho\dll\debug\vc140.pdb
e:\so2_2st_part_21250189_rui_teixeira_21250203_rafael_henriques\so2_snake_trabalho\dll\debug\vc140.idb
e:\so2_2st_part_21250189_rui_teixeira_21250203_rafael_henriques\so2_snake_trabalho\dll\debug\snake_dll.obj
c:\users\rafa\source\repos\so2_snake_trabalho\debug\dll.lib
c:\users\rafa\source\repos\so2_snake_trabalho\debug\dll.exp
e:\so2_2st_part_21250189_rui_teixeira_21250203_rafael_henriques\so2_snake_trabalho\debug\dll.lib
e:\so2_2st_part_21250189_rui_teixeira_21250203_rafael_henriques\so2_snake_trabalho\debug\dll.exp
c:\users\rafa\source\repos\so2_snake_trabalho\debug\dll.ilk
c:\users\rafa\source\repos\so2_snake_trabalho\debug\dll.dll
c:\users\rafa\source\repos\so2_snake_trabalho\debug\dll.pdb
e:\so2_2st_part_21250189_rui_teixeira_21250203_rafael_henriques\so2_snake_trabalho\debug\dll.ilk
e:\so2_2st_part_21250189_rui_teixeira_21250203_rafael_henriques\so2_snake_trabalho\debug\dll.dll
e:\so2_2st_part_21250189_rui_teixeira_21250203_rafael_henriques\so2_snake_trabalho\debug\dll.pdb
c:\users\rafa\source\repos\so2_snake_trabalho\dll\debug\dll.res
e:\so2_2st_part_21250189_rui_teixeira_21250203_rafael_henriques\so2_snake_trabalho\dll\debug\dll.res
e:\so2_2st_part_21250189_rui_teixeira_21250203_rafael_henriques\so2_snake_trabalho\dll\debug\dll.tlog\cl.command.1.tlog
e:\so2_2st_part_21250189_rui_teixeira_21250203_rafael_henriques\so2_snake_trabalho\dll\debug\dll.tlog\cl.read.1.tlog
e:\so2_2st_part_21250189_rui_teixeira_21250203_rafael_henriques\so2_snake_trabalho\dll\debug\dll.tlog\cl.write.1.tlog
e:\so2_2st_part_21250189_rui_teixeira_21250203_rafael_henriques\so2_snake_trabalho\dll\debug\dll.tlog\dll.write.1u.tlog
e:\so2_2st_part_21250189_rui_teixeira_21250203_rafael_henriques\so2_snake_trabalho\dll\debug\dll.tlog\link.command.1.tlog
e:\so2_2st_part_21250189_rui_teixeira_21250203_rafael_henriques\so2_snake_trabalho\dll\debug\dll.tlog\link.read.1.tlog
e:\so2_2st_part_21250189_rui_teixeira_21250203_rafael_henriques\so2_snake_trabalho\dll\debug\dll.tlog\link.write.1.tlog
e:\so2_2st_part_21250189_rui_teixeira_21250203_rafael_henriques\so2_snake_trabalho\dll\debug\dll.tlog\rc.command.1.tlog
e:\so2_2st_part_21250189_rui_teixeira_21250203_rafael_henriques\so2_snake_trabalho\dll\debug\dll.tlog\rc.read.1.tlog
e:\so2_2st_part_21250189_rui_teixeira_21250203_rafael_henriques\so2_snake_trabalho\dll\debug\dll.tlog\rc.write.1.tlog
